<?xml version="1.0" encoding="UTF-8"?>
<testsuite name="org.amaap.merchantsguidetogalaxy.IO.TranslationFileReaderTest" tests="2" skipped="0" failures="0" errors="0" timestamp="2024-04-14T16:09:46" hostname="LAPTOP-205J7BQ6" time="0.007">
  <properties/>
  <testcase name="shouldThrowIllegalArgumentExceptionForInvalidFilePath()" classname="org.amaap.merchantsguidetogalaxy.IO.TranslationFileReaderTest" time="0.004"/>
  <testcase name="shouldReadFileAndExcludeEmptyLines()" classname="org.amaap.merchantsguidetogalaxy.IO.TranslationFileReaderTest" time="0.002"/>
  <system-out><![CDATA[]]></system-out>
  <system-err><![CDATA[]]></system-err>
</testsuite>
