<?xml version="1.0" encoding="UTF-8"?>
<testsuite name="org.amaap.merchantsguidetogalaxy.IO.TranslationFileParserTest" tests="2" skipped="0" failures="0" errors="0" timestamp="2024-04-14T16:09:46" hostname="LAPTOP-205J7BQ6" time="0.036">
  <properties/>
  <testcase name="ShouldBeAbleToParse_ValidInput_ReturnsCorrectMaps()" classname="org.amaap.merchantsguidetogalaxy.IO.TranslationFileParserTest" time="0.033"/>
  <testcase name="ShouldBeAbleToParse_EmptyInput_ReturnsEmptyMaps()" classname="org.amaap.merchantsguidetogalaxy.IO.TranslationFileParserTest" time="0.001"/>
  <system-out><![CDATA[]]></system-out>
  <system-err><![CDATA[]]></system-err>
</testsuite>
