<?xml version="1.0" encoding="UTF-8"?>
<testsuite name="org.amaap.merchantsguidetogalaxy.IO.TranslationFileReaderTest" tests="2" skipped="0" failures="0" errors="0" timestamp="2024-04-14T19:21:23" hostname="LAPTOP-205J7BQ6" time="0.009">
  <properties/>
  <testcase name="shouldThrowIllegalArgumentExceptionForInvalidFilePath()" classname="org.amaap.merchantsguidetogalaxy.IO.TranslationFileReaderTest" time="0.005"/>
  <testcase name="shouldReadFileAndExcludeEmptyLines()" classname="org.amaap.merchantsguidetogalaxy.IO.TranslationFileReaderTest" time="0.002"/>
  <system-out><![CDATA[]]></system-out>
  <system-err><![CDATA[]]></system-err>
</testsuite>
