<?xml version="1.0" encoding="UTF-8"?>
<testsuite name="org.amaap.merchantsguidetogalaxy.service.InterGalacticTransactionServiceTest" tests="2" skipped="0" failures="0" errors="0" timestamp="2024-04-14T19:21:23" hostname="LAPTOP-205J7BQ6" time="0.005">
  <properties/>
  <testcase name="shouldBeABleToReadDataFromFile()" classname="org.amaap.merchantsguidetogalaxy.service.InterGalacticTransactionServiceTest" time="0.001"/>
  <testcase name="shouldBeAbleToParseLinesAndReturnMaps()" classname="org.amaap.merchantsguidetogalaxy.service.InterGalacticTransactionServiceTest" time="0.003"/>
  <system-out><![CDATA[]]></system-out>
  <system-err><![CDATA[]]></system-err>
</testsuite>
