<?xml version="1.0" encoding="UTF-8"?>
<testsuite name="org.amaap.merchantsguidetogalaxy.repository.impl.InMemoryInterGalacticRepositoryTest" tests="1" skipped="0" failures="0" errors="0" timestamp="2024-04-15T17:45:50" hostname="LAPTOP-205J7BQ6" time="0.001">
  <properties/>
  <testcase name="shouldBeAbleToInsertDataIntoRepository()" classname="org.amaap.merchantsguidetogalaxy.repository.impl.InMemoryInterGalacticRepositoryTest" time="0.001"/>
  <system-out><![CDATA[]]></system-out>
  <system-err><![CDATA[]]></system-err>
</testsuite>
