<?xml version="1.0" encoding="UTF-8"?>
<testsuite name="org.amaap.merchantsguidetogalaxy.controller.FileProcessorControllerTest" tests="1" skipped="0" failures="0" errors="0" timestamp="2024-04-15T17:45:50" hostname="LAPTOP-205J7BQ6" time="0.002">
  <properties/>
  <testcase name="shouldBeAbleToReadAndParseFile()" classname="org.amaap.merchantsguidetogalaxy.controller.FileProcessorControllerTest" time="0.002"/>
  <system-out><![CDATA[]]></system-out>
  <system-err><![CDATA[]]></system-err>
</testsuite>
