<?xml version="1.0" encoding="UTF-8"?>
<testsuite name="org.amaap.merchantsguidetogalaxy.controller.InterGalacticTransactionControllerTest" tests="1" skipped="0" failures="0" errors="0" timestamp="2024-04-14T11:06:07" hostname="LAPTOP-205J7BQ6" time="0.039">
  <properties/>
  <testcase name="shouldBeAbleToCalculateCreditsForQuery()" classname="org.amaap.merchantsguidetogalaxy.controller.InterGalacticTransactionControllerTest" time="0.039"/>
  <system-out><![CDATA[]]></system-out>
  <system-err><![CDATA[]]></system-err>
</testsuite>
