<?xml version="1.0" encoding="UTF-8"?>
<testsuite name="org.amaap.merchantsguidetogalaxy.service.InterGalacticTransactionServiceTest" tests="1" skipped="0" failures="0" errors="0" timestamp="2024-04-14T12:10:20" hostname="LAPTOP-205J7BQ6" time="0.002">
  <properties/>
  <testcase name="shouldBeABleToReadDataFromFile()" classname="org.amaap.merchantsguidetogalaxy.service.InterGalacticTransactionServiceTest" time="0.002"/>
  <system-out><![CDATA[]]></system-out>
  <system-err><![CDATA[]]></system-err>
</testsuite>
