<?xml version="1.0" encoding="UTF-8"?>
<testsuite name="org.amaap.merchantsguidetogalaxy.repository.impl.db.impl.FakeDatabaseTest" tests="1" skipped="0" failures="0" errors="0" timestamp="2024-04-14T19:21:23" hostname="LAPTOP-205J7BQ6" time="0.001">
  <properties/>
  <testcase name="shouldBeAbleToInsertDataIntoDatabase()" classname="org.amaap.merchantsguidetogalaxy.repository.impl.db.impl.FakeDatabaseTest" time="0.001"/>
  <system-out><![CDATA[]]></system-out>
  <system-err><![CDATA[]]></system-err>
</testsuite>
